<?xml version="1.0" encoding="UTF-8"?>
<!-- Generated by org.testng.reporters.JUnitXMLReporter -->
<testsuite hostname="LNDB0009" name="Default test" tests="3" failures="0" timestamp="5 Jul 2018 13:18:35 GMT" time="0.038" errors="0">
  <testcase name="Test01" time="0.012" classname="com.qa.akash.TestNG_XML.DataProvider"/>
  <testcase name="Test01" time="0.002" classname="com.qa.akash.TestNG_XML.DataProvider"/>
  <testcase name="Test01" time="0.001" classname="com.qa.akash.TestNG_XML.DataProvider"/>
</testsuite> <!-- Default test -->
